TN:
SF:src\modules\appointments\services\CreateAppointmentService.ts
FN:14,(anonymous_18)
FN:15,CreateAppointmentService
FN:20,(anonymous_20)
FNF:3
FNH:3
FNDA:1,(anonymous_18)
FNDA:2,CreateAppointmentService
FNDA:3,(anonymous_20)
DA:1,1
DA:2,1
DA:6,1
DA:14,1
DA:17,2
DA:20,3
DA:21,3
DA:23,3
DA:25,3
DA:26,1
DA:29,2
DA:34,2
DA:36,1
LF:13
LH:13
BRDA:25,0,0,1
BRDA:25,0,1,2
BRF:2
BRH:2
end_of_record
TN:
SF:src\modules\users\services\AuthenticateUserService.ts
FN:25,(anonymous_19)
FN:26,AuthenticateUserService
FN:34,(anonymous_21)
FNF:3
FNH:3
FNDA:1,(anonymous_19)
FNDA:3,AuthenticateUserService
FNDA:3,(anonymous_21)
DA:1,1
DA:2,1
DA:9,1
DA:10,1
DA:25,1
DA:28,3
DA:31,3
DA:34,3
DA:35,3
DA:37,3
DA:38,1
DA:41,2
DA:43,2
DA:44,1
DA:47,1
DA:49,1
DA:54,1
DA:56,1
DA:61,1
LF:19
LH:19
BRDA:35,0,0,3
BRDA:37,1,0,1
BRDA:37,1,1,2
BRDA:43,2,0,1
BRDA:43,2,1,1
BRF:5
BRH:5
end_of_record
TN:
SF:src\modules\users\services\CreateUserService.ts
FN:18,(anonymous_19)
FN:19,CreateUserService
FN:27,(anonymous_21)
FNF:3
FNH:3
FNDA:2,(anonymous_19)
FNDA:4,CreateUserService
FNDA:5,(anonymous_21)
DA:1,2
DA:3,2
DA:18,2
DA:21,4
DA:24,4
DA:27,5
DA:28,5
DA:30,5
DA:31,1
DA:34,4
DA:36,4
DA:42,4
DA:44,4
DA:46,2
LF:14
LH:14
BRDA:28,0,0,5
BRDA:30,1,0,1
BRDA:30,1,1,4
BRF:3
BRH:3
end_of_record
TN:
SF:src\modules\users\services\UpdateUserAvatarService.ts
FN:18,(anonymous_19)
FN:19,UpdateUserAvatarService
FN:27,(anonymous_21)
FNF:3
FNH:3
FNDA:1,(anonymous_19)
FNDA:3,UpdateUserAvatarService
FNDA:4,(anonymous_21)
DA:1,1
DA:8,1
DA:18,1
DA:21,3
DA:24,3
DA:27,4
DA:28,4
DA:30,4
DA:31,1
DA:34,5
DA:35,2
DA:38,3
DA:40,3
DA:42,3
DA:44,6
DA:46,3
DA:48,1
LF:17
LH:17
BRDA:28,0,0,4
BRDA:28,0,1,3
BRDA:30,1,0,1
BRDA:30,1,1,3
BRDA:34,2,0,2
BRDA:34,2,1,1
BRF:6
BRH:6
end_of_record
