TN:
SF:src\modules\appointments\services\CreateAppointmentService.ts
FN:15,(anonymous_18)
FN:16,CreateAppointmentService
FN:21,(anonymous_20)
FNF:3
FNH:3
FNDA:1,(anonymous_18)
FNDA:5,CreateAppointmentService
FNDA:7,(anonymous_20)
DA:1,1
DA:2,1
DA:6,1
DA:15,1
DA:18,5
DA:21,7
DA:22,7
DA:24,7
DA:25,3
DA:28,4
DA:29,1
DA:32,3
DA:33,1
DA:36,2
DA:38,2
DA:39,0
DA:42,2
DA:48,2
DA:50,1
LF:19
LH:18
BRDA:24,0,0,3
BRDA:24,0,1,4
BRDA:28,1,0,1
BRDA:28,1,1,3
BRDA:32,2,0,1
BRDA:32,2,1,2
BRDA:32,3,0,3
BRDA:32,3,1,2
BRDA:38,4,0,0
BRDA:38,4,1,2
BRF:10
BRH:9
end_of_record
TN:
SF:src\modules\appointments\services\ListProviderDayAvailabilityService.ts
FN:20,(anonymous_17)
FN:21,ListProviderDayAvailabityService
FN:26,(anonymous_19)
FN:38,(anonymous_22)
FN:43,(anonymous_23)
FN:44,(anonymous_24)
FNF:6
FNH:6
FNDA:1,(anonymous_17)
FNDA:1,ListProviderDayAvailabityService
FNDA:1,(anonymous_19)
FNDA:10,(anonymous_22)
FNDA:10,(anonymous_23)
FNDA:19,(anonymous_24)
DA:1,1
DA:2,1
DA:20,1
DA:23,1
DA:26,1
DA:27,1
DA:34,1
DA:36,1
DA:38,10
DA:41,1
DA:43,1
DA:44,10
DA:45,19
DA:48,10
DA:50,10
DA:58,1
DA:60,1
LF:17
LH:17
BRDA:27,0,0,1
BRDA:52,1,0,10
BRDA:52,1,1,8
BRF:3
BRH:3
end_of_record
TN:
SF:src\modules\appointments\services\ListProviderMonthAvailabityService.ts
FN:19,(anonymous_17)
FN:20,ListProviderMonthAvailabityService
FN:25,(anonymous_19)
FN:36,(anonymous_22)
FN:41,(anonymous_23)
FN:42,(anonymous_24)
FNF:6
FNH:6
FNDA:1,(anonymous_17)
FNDA:1,ListProviderMonthAvailabityService
FNDA:1,(anonymous_19)
FNDA:31,(anonymous_22)
FNDA:31,(anonymous_23)
FNDA:341,(anonymous_24)
DA:1,1
DA:2,1
DA:19,1
DA:22,1
DA:25,1
DA:26,1
DA:32,1
DA:34,1
DA:36,31
DA:41,1
DA:42,31
DA:43,341
DA:46,31
DA:52,1
DA:54,1
LF:15
LH:15
BRDA:26,0,0,1
BRF:1
BRH:1
end_of_record
TN:
SF:src\modules\appointments\services\ListProvidersService.ts
FN:14,(anonymous_17)
FN:15,ListProvidersService
FN:20,(anonymous_19)
FNF:3
FNH:3
FNDA:1,(anonymous_17)
FNDA:1,ListProvidersService
FNDA:1,(anonymous_19)
DA:1,1
DA:14,1
DA:17,1
DA:20,1
DA:21,1
DA:25,1
DA:27,1
LF:7
LH:7
BRDA:21,0,0,1
BRF:1
BRH:1
end_of_record
TN:
SF:src\modules\users\services\AuthenticateUserService.ts
FN:25,(anonymous_19)
FN:26,AuthenticateUserService
FN:34,(anonymous_21)
FNF:3
FNH:3
FNDA:1,(anonymous_19)
FNDA:3,AuthenticateUserService
FNDA:3,(anonymous_21)
DA:1,1
DA:2,1
DA:9,1
DA:10,1
DA:25,1
DA:28,3
DA:31,3
DA:34,3
DA:35,3
DA:37,3
DA:38,1
DA:41,2
DA:43,2
DA:44,1
DA:47,1
DA:49,1
DA:54,1
DA:56,1
DA:61,1
LF:19
LH:19
BRDA:35,0,0,3
BRDA:37,1,0,1
BRDA:37,1,1,2
BRDA:43,2,0,1
BRDA:43,2,1,1
BRF:5
BRH:5
end_of_record
TN:
SF:src\modules\users\services\CreateUserService.ts
FN:18,(anonymous_19)
FN:19,CreateUserService
FN:27,(anonymous_21)
FNF:3
FNH:3
FNDA:2,(anonymous_19)
FNDA:5,CreateUserService
FNDA:5,(anonymous_21)
DA:1,2
DA:3,2
DA:18,2
DA:21,5
DA:24,5
DA:27,5
DA:28,5
DA:30,5
DA:31,1
DA:34,4
DA:36,4
DA:42,4
DA:44,4
DA:46,2
LF:14
LH:14
BRDA:28,0,0,5
BRDA:30,1,0,1
BRDA:30,1,1,4
BRF:3
BRH:3
end_of_record
TN:
SF:src\modules\users\services\ResetPasswordService.ts
FN:16,(anonymous_18)
FN:17,SendForgotPasswordEmailService
FN:28,(anonymous_20)
FNF:3
FNH:3
FNDA:1,(anonymous_18)
FNDA:4,SendForgotPasswordEmailService
FNDA:4,(anonymous_20)
DA:1,1
DA:2,1
DA:4,1
DA:16,1
DA:19,4
DA:22,4
DA:25,4
DA:28,4
DA:29,4
DA:31,4
DA:32,1
DA:35,3
DA:37,3
DA:38,1
DA:41,2
DA:42,2
DA:44,2
DA:45,1
DA:48,1
DA:50,2
DA:52,1
LF:21
LH:21
BRDA:29,0,0,4
BRDA:31,1,0,1
BRDA:31,1,1,3
BRDA:35,2,0,0
BRDA:35,2,1,3
BRDA:35,3,0,3
BRDA:35,3,1,3
BRDA:37,4,0,1
BRDA:37,4,1,2
BRDA:44,5,0,1
BRDA:44,5,1,1
BRF:11
BRH:10
end_of_record
TN:
SF:src\modules\users\services\SendForgotPasswordEmailService.ts
FN:15,(anonymous_18)
FN:16,SendForgotPasswordEmailService
FN:27,(anonymous_20)
FNF:3
FNH:3
FNDA:1,(anonymous_18)
FNDA:3,SendForgotPasswordEmailService
FNDA:3,(anonymous_20)
DA:1,1
DA:2,1
DA:4,1
DA:15,1
DA:18,3
DA:21,3
DA:24,3
DA:27,3
DA:28,3
DA:30,3
DA:31,1
DA:34,2
DA:36,2
DA:38,4
DA:53,1
LF:15
LH:15
BRDA:28,0,0,3
BRDA:30,1,0,1
BRDA:30,1,1,2
BRF:3
BRH:3
end_of_record
TN:
SF:src\modules\users\services\ShowProfileService.ts
FN:14,(anonymous_18)
FN:15,ShowProfile
FN:20,(anonymous_20)
FNF:3
FNH:3
FNDA:1,(anonymous_18)
FNDA:2,ShowProfile
FNDA:2,(anonymous_20)
DA:1,1
DA:7,1
DA:14,1
DA:17,2
DA:20,2
DA:21,2
DA:23,2
DA:24,1
DA:27,1
DA:29,1
LF:10
LH:10
BRDA:21,0,0,2
BRDA:23,1,0,1
BRDA:23,1,1,1
BRF:3
BRH:3
end_of_record
TN:
SF:src\modules\users\services\UpdateProfileService.ts
FN:21,(anonymous_18)
FN:22,UpdateProfileService
FN:30,(anonymous_20)
FNF:3
FNH:3
FNDA:1,(anonymous_18)
FNDA:6,UpdateProfileService
FNDA:6,(anonymous_20)
DA:1,1
DA:8,1
DA:21,1
DA:24,6
DA:27,6
DA:30,6
DA:31,6
DA:33,6
DA:34,1
DA:37,5
DA:39,5
DA:40,1
DA:43,4
DA:44,4
DA:46,4
DA:47,1
DA:50,4
DA:51,2
DA:56,2
DA:57,1
DA:60,1
DA:63,4
DA:65,2
DA:67,1
LF:24
LH:24
BRDA:31,0,0,6
BRDA:31,0,1,2
BRDA:33,1,0,1
BRDA:33,1,1,5
BRDA:39,2,0,1
BRDA:39,2,1,4
BRDA:39,3,0,5
BRDA:39,3,1,1
BRDA:46,4,0,1
BRDA:46,4,1,3
BRDA:46,5,0,4
BRDA:46,5,1,3
BRDA:50,6,0,1
BRDA:50,6,1,2
BRDA:50,7,0,3
BRDA:50,7,1,2
BRDA:56,8,0,1
BRDA:56,8,1,1
BRF:18
BRH:18
end_of_record
TN:
SF:src\modules\users\services\UpdateUserAvatarService.ts
FN:18,(anonymous_19)
FN:19,UpdateUserAvatarService
FN:27,(anonymous_21)
FNF:3
FNH:3
FNDA:1,(anonymous_19)
FNDA:3,UpdateUserAvatarService
FNDA:4,(anonymous_21)
DA:1,1
DA:8,1
DA:18,1
DA:21,3
DA:24,3
DA:27,4
DA:28,4
DA:30,4
DA:31,1
DA:34,5
DA:35,2
DA:38,3
DA:40,3
DA:42,3
DA:44,6
DA:46,3
DA:48,1
LF:17
LH:17
BRDA:28,0,0,4
BRDA:28,0,1,3
BRDA:30,1,0,1
BRDA:30,1,1,3
BRDA:34,2,0,2
BRDA:34,2,1,1
BRF:6
BRH:6
end_of_record
